<?xml version="1.0" encoding="UTF-8"?>
<!-- Generated by org.testng.reporters.JUnitXMLReporter -->
<testsuite ignored="0" hostname="Sangrambadis-MacBook-Air.local" failures="0" tests="3" name="Default test" time="34.067" errors="0" timestamp="2022-05-28T14:38:34 IST">
  <testcase classname="test.LogInTest" name="logInHomePageLabelTest" time="1.227"/>
  <testcase classname="test.LogInTest" name="logInTest" time="7.83"/>
  <testcase classname="test.LogInTest" name="logInTestWithOutCredentials" time="1.403"/>
</testsuite> <!-- Default test -->
