<?xml version="1.0" encoding="UTF-8"?>
<!-- Generated by org.testng.reporters.JUnitXMLReporter -->
<testsuite ignored="0" hostname="sangrambadi10-pc" failures="0" tests="1" name="Command line test" time="16.373" errors="0" timestamp="2021-03-17T20:35:33 IST">
  <testcase classname="test.BaseClass" name="@AfterTest TearDown" time="0.052">
    <failure type="org.openqa.selenium.UnsupportedCommandException" message="The requested resource could not be found, or a request was received using an HTTP method that is not supported by the mapped resource
Build info: version: &amp;apos;3.141.59&amp;apos;, revision: &amp;apos;e82be7d358&amp;apos;, time: &amp;apos;2018-11-14T08:17:03&amp;apos;
System info: host: &amp;apos;SANGRAMBADI10-P&amp;apos;, ip: &amp;apos;192.168.43.107&amp;apos;, os.name: &amp;apos;Windows 10&amp;apos;, os.arch: &amp;apos;amd64&amp;apos;, os.version: &amp;apos;10.0&amp;apos;, java.version: &amp;apos;15.0.2&amp;apos;
Driver info: io.appium.java_client.android.AndroidDriver
Capabilities {app: C:\Users\sangrambadis\eclip..., appPackage: io.appium.android.apis, automationName: uiautomator2, databaseEnabled: false, desired: {app: C:\Users\sangrambadis\eclip..., automationName: uiautomator2, deviceName: sahoo_emulator, platformName: android}, deviceApiLevel: 30, deviceManufacturer: Google, deviceModel: sdk_gphone_x86_arm, deviceName: emulator-5554, deviceScreenDensity: 440, deviceScreenSize: 1080x2220, deviceUDID: emulator-5554, javascriptEnabled: true, locationContextEnabled: false, networkConnectionEnabled: true, pixelRatio: 2.75, platform: LINUX, platformName: Android, platformVersion: 11, statBarHeight: 66, takesScreenshot: true, viewportRect: {height: 2022, left: 0, top: 66, width: 1080}, warnings: {}, webStorageEnabled: false}
Session ID: 502d3591-6cd1-4034-9ce5-00a5a4111bc8">
      <![CDATA[org.openqa.selenium.UnsupportedCommandException: The requested resource could not be found, or a request was received using an HTTP method that is not supported by the mapped resource
Build info: version: '3.141.59', revision: 'e82be7d358', time: '2018-11-14T08:17:03'
System info: host: 'SANGRAMBADI10-P', ip: '192.168.43.107', os.name: 'Windows 10', os.arch: 'amd64', os.version: '10.0', java.version: '15.0.2'
Driver info: io.appium.java_client.android.AndroidDriver
Capabilities {app: C:\Users\sangrambadis\eclip..., appPackage: io.appium.android.apis, automationName: uiautomator2, databaseEnabled: false, desired: {app: C:\Users\sangrambadis\eclip..., automationName: uiautomator2, deviceName: sahoo_emulator, platformName: android}, deviceApiLevel: 30, deviceManufacturer: Google, deviceModel: sdk_gphone_x86_arm, deviceName: emulator-5554, deviceScreenDensity: 440, deviceScreenSize: 1080x2220, deviceUDID: emulator-5554, javascriptEnabled: true, locationContextEnabled: false, networkConnectionEnabled: true, pixelRatio: 2.75, platform: LINUX, platformName: Android, platformVersion: 11, statBarHeight: 66, takesScreenshot: true, viewportRect: {height: 2022, left: 0, top: 66, width: 1080}, warnings: {}, webStorageEnabled: false}
Session ID: 502d3591-6cd1-4034-9ce5-00a5a4111bc8
at org.openqa.selenium.remote.http.W3CHttpResponseCodec.createException(W3CHttpResponseCodec.java:187)
at org.openqa.selenium.remote.http.W3CHttpResponseCodec.decode(W3CHttpResponseCodec.java:122)
at org.openqa.selenium.remote.http.W3CHttpResponseCodec.decode(W3CHttpResponseCodec.java:49)
at org.openqa.selenium.remote.HttpCommandExecutor.execute(HttpCommandExecutor.java:158)
at io.appium.java_client.remote.AppiumCommandExecutor.execute(AppiumCommandExecutor.java:247)
at org.openqa.selenium.remote.RemoteWebDriver.execute(RemoteWebDriver.java:552)
at io.appium.java_client.DefaultGenericMobileDriver.execute(DefaultGenericMobileDriver.java:45)
at io.appium.java_client.AppiumDriver.execute(AppiumDriver.java:1)
at io.appium.java_client.android.AndroidDriver.execute(AndroidDriver.java:1)
at org.openqa.selenium.remote.RemoteWebDriver.close(RemoteWebDriver.java:442)
at test.BaseClass.TearDown(BaseClass.java:38)
... Removed 38 stack frames]]>
    </failure>
  </testcase> <!-- @AfterTest TearDown -->
  <testcase classname="test.Testcase" name="testCase1" time="4.987"/>
</testsuite> <!-- Command line test -->
