<?xml version="1.0" encoding="UTF-8"?>
<testng-results ignored="0" total="2" passed="2" failed="0" skipped="0">
  <reporter-output>
  </reporter-output>
  <suite started-at="2022-04-29T17:37:23 IST" name="SuiteTest" finished-at="2022-04-29T17:38:18 IST" duration-ms="54909">
    <groups>
    </groups>
    <test started-at="2022-04-29T17:37:23 IST" name="AppiumLaunchTest" finished-at="2022-04-29T17:38:18 IST" duration-ms="54909">
      <class name="test.ClickTest">
        <test-method is-config="true" signature="beforeMethod()[pri:0, instance:test.ClickTest@2beee7ff]" started-at="2022-04-29T17:37:23 IST" name="beforeMethod" finished-at="2022-04-29T17:37:38 IST" duration-ms="15338" status="PASS">
          <reporter-output>
          </reporter-output>
        </test-method> <!-- beforeMethod -->
        <test-method signature="clickTest()[pri:0, instance:test.ClickTest@2beee7ff]" started-at="2022-04-29T17:37:38 IST" name="clickTest" finished-at="2022-04-29T17:37:44 IST" duration-ms="5845" status="PASS">
          <reporter-output>
          </reporter-output>
        </test-method> <!-- clickTest -->
        <test-method is-config="true" signature="afterMethod()[pri:0, instance:test.ClickTest@2beee7ff]" started-at="2022-04-29T17:37:44 IST" name="afterMethod" finished-at="2022-04-29T17:37:45 IST" duration-ms="1176" status="PASS">
          <reporter-output>
          </reporter-output>
        </test-method> <!-- afterMethod -->
      </class> <!-- test.ClickTest -->
      <class name="test.ScrollTest">
        <test-method is-config="true" signature="beforeMethod()[pri:0, instance:test.ScrollTest@5136d012]" started-at="2022-04-29T17:37:45 IST" name="beforeMethod" finished-at="2022-04-29T17:37:59 IST" duration-ms="13385" status="PASS">
          <reporter-output>
          </reporter-output>
        </test-method> <!-- beforeMethod -->
        <test-method signature="scrollTest()[pri:0, instance:test.ScrollTest@5136d012]" started-at="2022-04-29T17:37:59 IST" name="scrollTest" finished-at="2022-04-29T17:38:17 IST" duration-ms="18056" status="PASS">
          <reporter-output>
          </reporter-output>
        </test-method> <!-- scrollTest -->
        <test-method is-config="true" signature="afterMethod()[pri:0, instance:test.ScrollTest@5136d012]" started-at="2022-04-29T17:38:17 IST" name="afterMethod" finished-at="2022-04-29T17:38:18 IST" duration-ms="1062" status="PASS">
          <reporter-output>
          </reporter-output>
        </test-method> <!-- afterMethod -->
      </class> <!-- test.ScrollTest -->
    </test> <!-- AppiumLaunchTest -->
  </suite> <!-- SuiteTest -->
</testng-results>
