<?xml version="1.0" encoding="UTF-8"?>
<!-- Generated by org.testng.reporters.JUnitXMLReporter -->
<testsuite ignored="0" hostname="Sangrambadis-MacBook-Air.local" failures="0" tests="3" name="G2PoC Suite" time="1.147" errors="0" timestamp="2022-05-28T14:06:34 IST">
  <testcase classname="test.LogInTest" name="@BeforeMethod beforeMethod" time="0.343">
    <failure type="java.lang.NoClassDefFoundError" message="browserUtils/GetDriver">
      <![CDATA[java.lang.NoClassDefFoundError: browserUtils/GetDriver
at test.LogInTest.beforeMethod(LogInTest.java:24)
at java.base/java.util.ArrayList.forEach(ArrayList.java:1511)
Caused by: java.lang.ClassNotFoundException: browserUtils.GetDriver
at java.base/jdk.internal.loader.BuiltinClassLoader.loadClass(BuiltinClassLoader.java:641)
at java.base/jdk.internal.loader.ClassLoaders$AppClassLoader.loadClass(ClassLoaders.java:188)
at java.base/java.lang.ClassLoader.loadClass(ClassLoader.java:520)
... 33 more
... Removed 31 stack frames]]>
    </failure>
  </testcase> <!-- @BeforeMethod beforeMethod -->
  <testcase classname="test.LogInTest" name="@AfterMethod afterMethod" time="-1.653726993743E9">
    <skipped/>
  </testcase> <!-- @AfterMethod afterMethod -->
  <testcase classname="test.LogInTest" name="@BeforeMethod beforeMethod" time="-1.653726994471E9">
    <skipped/>
  </testcase> <!-- @BeforeMethod beforeMethod -->
  <testcase classname="test.LogInTest" name="@AfterMethod afterMethod" time="-1.653726994482E9">
    <skipped/>
  </testcase> <!-- @AfterMethod afterMethod -->
  <testcase classname="test.LogInTest" name="@BeforeMethod beforeMethod" time="-1.653726994484E9">
    <skipped/>
  </testcase> <!-- @BeforeMethod beforeMethod -->
  <testcase classname="test.LogInTest" name="@AfterMethod afterMethod" time="-1.65372699449E9">
    <skipped/>
  </testcase> <!-- @AfterMethod afterMethod -->
  <testcase classname="test.BaseTest" name="@AfterTest afterTest" time="-1.653726994495E9">
    <skipped/>
  </testcase> <!-- @AfterTest afterTest -->
  <testcase classname="test.LogInTest" name="logInHomePageLabelTest" time="0.0">
    <skipped/>
  </testcase> <!-- logInHomePageLabelTest -->
  <testcase classname="test.LogInTest" name="logInTest" time="0.0">
    <skipped/>
  </testcase> <!-- logInTest -->
  <testcase classname="test.LogInTest" name="logInTestWithOutCredentials" time="0.0">
    <skipped/>
  </testcase> <!-- logInTestWithOutCredentials -->
</testsuite> <!-- G2PoC Suite -->
